{"timestamp":"2026-04-11T07:55:24.981884Z","level":"info","event":"Filling up the DagBag from /opt/airflow/dags/grocery_data_load.py","logger":"airflow.dag_processing.dagbag.BundleDagBag","filename":"dagbag.py","lineno":469}
{"timestamp":"2026-04-11T07:55:24.983612Z","level":"error","event":"Failed to import: /opt/airflow/dags/grocery_data_load.py","logger":"airflow.dag_processing.importers.python_importer","filename":"python_importer.py","lineno":244,"error_detail":[{"exc_type":"SyntaxError","exc_value":"invalid syntax. Perhaps you forgot a comma? (grocery_data_load.py, line 14)","exc_notes":[],"syntax_error":{"offset":24,"filename":"/opt/airflow/dags/grocery_data_load.py","line":"        ssh_conn_id =  'wsl_ssh_conn'\n","lineno":14,"msg":"invalid syntax. Perhaps you forgot a comma?"},"is_cause":false,"frames":[{"filename":"/home/airflow/.local/lib/python3.13/site-packages/airflow/dag_processing/importers/python_importer.py","lineno":238,"name":"parse"},{"filename":"<frozen importlib._bootstrap_external>","lineno":1019,"name":"exec_module"},{"filename":"<frozen importlib._bootstrap_external>","lineno":1157,"name":"get_code"},{"filename":"<frozen importlib._bootstrap_external>","lineno":1087,"name":"source_to_code"},{"filename":"<frozen importlib._bootstrap>","lineno":488,"name":"_call_with_frames_removed"}],"is_group":false,"exceptions":[]}]}
{"timestamp":"2026-04-11T07:55:24.984695Z","level":"error","event":"Error loading DAG from grocery_data_load.py: invalid syntax. Perhaps you forgot a comma? (grocery_data_load.py, line 14)","logger":"airflow.dag_processing.dagbag.BundleDagBag","filename":"dagbag.py","lineno":327}
{"timestamp":"2026-04-11T07:55:55.239993Z","level":"info","event":"Filling up the DagBag from /opt/airflow/dags/grocery_data_load.py","logger":"airflow.dag_processing.dagbag.BundleDagBag","filename":"dagbag.py","lineno":469}
{"timestamp":"2026-04-11T07:55:55.241646Z","level":"error","event":"Failed to import: /opt/airflow/dags/grocery_data_load.py","logger":"airflow.dag_processing.importers.python_importer","filename":"python_importer.py","lineno":244,"error_detail":[{"exc_type":"SyntaxError","exc_value":"invalid syntax. Perhaps you forgot a comma? (grocery_data_load.py, line 14)","exc_notes":[],"syntax_error":{"offset":24,"filename":"/opt/airflow/dags/grocery_data_load.py","line":"        ssh_conn_id =  'wsl_ssh_conn'\n","lineno":14,"msg":"invalid syntax. Perhaps you forgot a comma?"},"is_cause":false,"frames":[{"filename":"/home/airflow/.local/lib/python3.13/site-packages/airflow/dag_processing/importers/python_importer.py","lineno":238,"name":"parse"},{"filename":"<frozen importlib._bootstrap_external>","lineno":1019,"name":"exec_module"},{"filename":"<frozen importlib._bootstrap_external>","lineno":1157,"name":"get_code"},{"filename":"<frozen importlib._bootstrap_external>","lineno":1087,"name":"source_to_code"},{"filename":"<frozen importlib._bootstrap>","lineno":488,"name":"_call_with_frames_removed"}],"is_group":false,"exceptions":[]}]}
{"timestamp":"2026-04-11T07:55:55.242337Z","level":"error","event":"Error loading DAG from grocery_data_load.py: invalid syntax. Perhaps you forgot a comma? (grocery_data_load.py, line 14)","logger":"airflow.dag_processing.dagbag.BundleDagBag","filename":"dagbag.py","lineno":327}
{"timestamp":"2026-04-11T07:56:25.436718Z","level":"info","event":"Filling up the DagBag from /opt/airflow/dags/grocery_data_load.py","logger":"airflow.dag_processing.dagbag.BundleDagBag","filename":"dagbag.py","lineno":469}
{"timestamp":"2026-04-11T07:56:25.438915Z","level":"error","event":"Failed to import: /opt/airflow/dags/grocery_data_load.py","logger":"airflow.dag_processing.importers.python_importer","filename":"python_importer.py","lineno":244,"error_detail":[{"exc_type":"SyntaxError","exc_value":"invalid syntax. Perhaps you forgot a comma? (grocery_data_load.py, line 14)","exc_notes":[],"syntax_error":{"offset":24,"filename":"/opt/airflow/dags/grocery_data_load.py","line":"        ssh_conn_id =  'wsl_ssh_conn'\n","lineno":14,"msg":"invalid syntax. Perhaps you forgot a comma?"},"is_cause":false,"frames":[{"filename":"/home/airflow/.local/lib/python3.13/site-packages/airflow/dag_processing/importers/python_importer.py","lineno":238,"name":"parse"},{"filename":"<frozen importlib._bootstrap_external>","lineno":1019,"name":"exec_module"},{"filename":"<frozen importlib._bootstrap_external>","lineno":1157,"name":"get_code"},{"filename":"<frozen importlib._bootstrap_external>","lineno":1087,"name":"source_to_code"},{"filename":"<frozen importlib._bootstrap>","lineno":488,"name":"_call_with_frames_removed"}],"is_group":false,"exceptions":[]}]}
{"timestamp":"2026-04-11T07:56:25.439775Z","level":"error","event":"Error loading DAG from grocery_data_load.py: invalid syntax. Perhaps you forgot a comma? (grocery_data_load.py, line 14)","logger":"airflow.dag_processing.dagbag.BundleDagBag","filename":"dagbag.py","lineno":327}
{"timestamp":"2026-04-11T07:56:29.633265Z","level":"info","event":"Filling up the DagBag from /opt/airflow/dags/grocery_data_load.py","logger":"airflow.dag_processing.dagbag.BundleDagBag","filename":"dagbag.py","lineno":469}
{"timestamp":"2026-04-11T07:56:29.635709Z","level":"error","event":"Failed to import: /opt/airflow/dags/grocery_data_load.py","logger":"airflow.dag_processing.importers.python_importer","filename":"python_importer.py","lineno":244,"error_detail":[{"exc_type":"TypeError","exc_value":"DAG.__init__() got an unexpected keyword argument 'schedule_interval'","exc_notes":[],"syntax_error":null,"is_cause":false,"frames":[{"filename":"/home/airflow/.local/lib/python3.13/site-packages/airflow/dag_processing/importers/python_importer.py","lineno":238,"name":"parse"},{"filename":"<frozen importlib._bootstrap_external>","lineno":1023,"name":"exec_module"},{"filename":"<frozen importlib._bootstrap>","lineno":488,"name":"_call_with_frames_removed"},{"filename":"/opt/airflow/dags/grocery_data_load.py","lineno":5,"name":"<module>"}],"is_group":false,"exceptions":[]}]}
{"timestamp":"2026-04-11T07:56:29.636939Z","level":"error","event":"Error loading DAG from grocery_data_load.py: DAG.__init__() got an unexpected keyword argument 'schedule_interval'","logger":"airflow.dag_processing.dagbag.BundleDagBag","filename":"dagbag.py","lineno":327}
{"timestamp":"2026-04-11T07:57:00.629538Z","level":"info","event":"Filling up the DagBag from /opt/airflow/dags/grocery_data_load.py","logger":"airflow.dag_processing.dagbag.BundleDagBag","filename":"dagbag.py","lineno":469}
{"timestamp":"2026-04-11T07:57:00.631591Z","level":"error","event":"Failed to import: /opt/airflow/dags/grocery_data_load.py","logger":"airflow.dag_processing.importers.python_importer","filename":"python_importer.py","lineno":244,"error_detail":[{"exc_type":"TypeError","exc_value":"DAG.__init__() got an unexpected keyword argument 'schedule_interval'","exc_notes":[],"syntax_error":null,"is_cause":false,"frames":[{"filename":"/home/airflow/.local/lib/python3.13/site-packages/airflow/dag_processing/importers/python_importer.py","lineno":238,"name":"parse"},{"filename":"<frozen importlib._bootstrap_external>","lineno":1023,"name":"exec_module"},{"filename":"<frozen importlib._bootstrap>","lineno":488,"name":"_call_with_frames_removed"},{"filename":"/opt/airflow/dags/grocery_data_load.py","lineno":5,"name":"<module>"}],"is_group":false,"exceptions":[]}]}
{"timestamp":"2026-04-11T07:57:00.632717Z","level":"error","event":"Error loading DAG from grocery_data_load.py: DAG.__init__() got an unexpected keyword argument 'schedule_interval'","logger":"airflow.dag_processing.dagbag.BundleDagBag","filename":"dagbag.py","lineno":327}
{"timestamp":"2026-04-11T07:57:31.715691Z","level":"info","event":"Filling up the DagBag from /opt/airflow/dags/grocery_data_load.py","logger":"airflow.dag_processing.dagbag.BundleDagBag","filename":"dagbag.py","lineno":469}
{"timestamp":"2026-04-11T07:57:31.717129Z","level":"error","event":"Failed to import: /opt/airflow/dags/grocery_data_load.py","logger":"airflow.dag_processing.importers.python_importer","filename":"python_importer.py","lineno":244,"error_detail":[{"exc_type":"TypeError","exc_value":"DAG.__init__() got an unexpected keyword argument 'schedule_interval'","exc_notes":[],"syntax_error":null,"is_cause":false,"frames":[{"filename":"/home/airflow/.local/lib/python3.13/site-packages/airflow/dag_processing/importers/python_importer.py","lineno":238,"name":"parse"},{"filename":"<frozen importlib._bootstrap_external>","lineno":1023,"name":"exec_module"},{"filename":"<frozen importlib._bootstrap>","lineno":488,"name":"_call_with_frames_removed"},{"filename":"/opt/airflow/dags/grocery_data_load.py","lineno":5,"name":"<module>"}],"is_group":false,"exceptions":[]}]}
{"timestamp":"2026-04-11T07:57:31.718093Z","level":"error","event":"Error loading DAG from grocery_data_load.py: DAG.__init__() got an unexpected keyword argument 'schedule_interval'","logger":"airflow.dag_processing.dagbag.BundleDagBag","filename":"dagbag.py","lineno":327}
{"timestamp":"2026-04-11T07:57:51.032477Z","level":"info","event":"Filling up the DagBag from /opt/airflow/dags/grocery_data_load.py","logger":"airflow.dag_processing.dagbag.BundleDagBag","filename":"dagbag.py","lineno":469}
{"timestamp":"2026-04-11T07:58:21.085393Z","level":"info","event":"Filling up the DagBag from /opt/airflow/dags/grocery_data_load.py","logger":"airflow.dag_processing.dagbag.BundleDagBag","filename":"dagbag.py","lineno":469}
{"timestamp":"2026-04-11T07:58:51.167893Z","level":"info","event":"Filling up the DagBag from /opt/airflow/dags/grocery_data_load.py","logger":"airflow.dag_processing.dagbag.BundleDagBag","filename":"dagbag.py","lineno":469}
{"timestamp":"2026-04-11T07:59:22.124387Z","level":"info","event":"Filling up the DagBag from /opt/airflow/dags/grocery_data_load.py","logger":"airflow.dag_processing.dagbag.BundleDagBag","filename":"dagbag.py","lineno":469}
{"timestamp":"2026-04-11T07:59:52.228719Z","level":"info","event":"Filling up the DagBag from /opt/airflow/dags/grocery_data_load.py","logger":"airflow.dag_processing.dagbag.BundleDagBag","filename":"dagbag.py","lineno":469}
{"timestamp":"2026-04-11T08:00:26.577736Z","level":"info","event":"Filling up the DagBag from /opt/airflow/dags/grocery_data_load.py","logger":"airflow.dag_processing.dagbag.BundleDagBag","filename":"dagbag.py","lineno":469}
{"timestamp":"2026-04-11T08:00:57.280432Z","level":"info","event":"Filling up the DagBag from /opt/airflow/dags/grocery_data_load.py","logger":"airflow.dag_processing.dagbag.BundleDagBag","filename":"dagbag.py","lineno":469}
{"timestamp":"2026-04-11T08:01:28.825011Z","level":"info","event":"Filling up the DagBag from /opt/airflow/dags/grocery_data_load.py","logger":"airflow.dag_processing.dagbag.BundleDagBag","filename":"dagbag.py","lineno":469}
{"timestamp":"2026-04-11T08:01:59.636125Z","level":"info","event":"Filling up the DagBag from /opt/airflow/dags/grocery_data_load.py","logger":"airflow.dag_processing.dagbag.BundleDagBag","filename":"dagbag.py","lineno":469}
{"timestamp":"2026-04-11T08:02:29.925426Z","level":"info","event":"Filling up the DagBag from /opt/airflow/dags/grocery_data_load.py","logger":"airflow.dag_processing.dagbag.BundleDagBag","filename":"dagbag.py","lineno":469}
{"timestamp":"2026-04-11T08:03:00.213754Z","level":"info","event":"Filling up the DagBag from /opt/airflow/dags/grocery_data_load.py","logger":"airflow.dag_processing.dagbag.BundleDagBag","filename":"dagbag.py","lineno":469}
{"timestamp":"2026-04-11T08:03:30.549044Z","level":"info","event":"Filling up the DagBag from /opt/airflow/dags/grocery_data_load.py","logger":"airflow.dag_processing.dagbag.BundleDagBag","filename":"dagbag.py","lineno":469}
{"timestamp":"2026-04-11T08:04:01.090689Z","level":"info","event":"Filling up the DagBag from /opt/airflow/dags/grocery_data_load.py","logger":"airflow.dag_processing.dagbag.BundleDagBag","filename":"dagbag.py","lineno":469}
{"timestamp":"2026-04-11T08:04:32.064076Z","level":"info","event":"Filling up the DagBag from /opt/airflow/dags/grocery_data_load.py","logger":"airflow.dag_processing.dagbag.BundleDagBag","filename":"dagbag.py","lineno":469}
{"timestamp":"2026-04-11T08:05:03.715831Z","level":"info","event":"Filling up the DagBag from /opt/airflow/dags/grocery_data_load.py","logger":"airflow.dag_processing.dagbag.BundleDagBag","filename":"dagbag.py","lineno":469}
{"timestamp":"2026-04-11T08:05:34.353808Z","level":"info","event":"Filling up the DagBag from /opt/airflow/dags/grocery_data_load.py","logger":"airflow.dag_processing.dagbag.BundleDagBag","filename":"dagbag.py","lineno":469}
{"timestamp":"2026-04-11T08:06:04.471179Z","level":"info","event":"Filling up the DagBag from /opt/airflow/dags/grocery_data_load.py","logger":"airflow.dag_processing.dagbag.BundleDagBag","filename":"dagbag.py","lineno":469}
{"timestamp":"2026-04-11T08:06:34.526578Z","level":"info","event":"Filling up the DagBag from /opt/airflow/dags/grocery_data_load.py","logger":"airflow.dag_processing.dagbag.BundleDagBag","filename":"dagbag.py","lineno":469}
{"timestamp":"2026-04-11T08:07:07.008507Z","level":"info","event":"Filling up the DagBag from /opt/airflow/dags/grocery_data_load.py","logger":"airflow.dag_processing.dagbag.BundleDagBag","filename":"dagbag.py","lineno":469}
{"timestamp":"2026-04-11T08:07:38.031658Z","level":"info","event":"Filling up the DagBag from /opt/airflow/dags/grocery_data_load.py","logger":"airflow.dag_processing.dagbag.BundleDagBag","filename":"dagbag.py","lineno":469}
{"timestamp":"2026-04-11T08:08:08.177516Z","level":"info","event":"Filling up the DagBag from /opt/airflow/dags/grocery_data_load.py","logger":"airflow.dag_processing.dagbag.BundleDagBag","filename":"dagbag.py","lineno":469}
{"timestamp":"2026-04-11T08:08:38.591984Z","level":"info","event":"Filling up the DagBag from /opt/airflow/dags/grocery_data_load.py","logger":"airflow.dag_processing.dagbag.BundleDagBag","filename":"dagbag.py","lineno":469}
{"timestamp":"2026-04-11T08:09:09.683599Z","level":"info","event":"Filling up the DagBag from /opt/airflow/dags/grocery_data_load.py","logger":"airflow.dag_processing.dagbag.BundleDagBag","filename":"dagbag.py","lineno":469}
{"timestamp":"2026-04-11T08:09:39.842345Z","level":"info","event":"Filling up the DagBag from /opt/airflow/dags/grocery_data_load.py","logger":"airflow.dag_processing.dagbag.BundleDagBag","filename":"dagbag.py","lineno":469}
{"timestamp":"2026-04-11T08:10:10.834994Z","level":"info","event":"Filling up the DagBag from /opt/airflow/dags/grocery_data_load.py","logger":"airflow.dag_processing.dagbag.BundleDagBag","filename":"dagbag.py","lineno":469}
{"timestamp":"2026-04-11T08:10:41.410774Z","level":"info","event":"Filling up the DagBag from /opt/airflow/dags/grocery_data_load.py","logger":"airflow.dag_processing.dagbag.BundleDagBag","filename":"dagbag.py","lineno":469}
{"timestamp":"2026-04-11T08:11:11.687156Z","level":"info","event":"Filling up the DagBag from /opt/airflow/dags/grocery_data_load.py","logger":"airflow.dag_processing.dagbag.BundleDagBag","filename":"dagbag.py","lineno":469}
{"timestamp":"2026-04-11T08:11:42.288951Z","level":"info","event":"Filling up the DagBag from /opt/airflow/dags/grocery_data_load.py","logger":"airflow.dag_processing.dagbag.BundleDagBag","filename":"dagbag.py","lineno":469}
{"timestamp":"2026-04-11T08:12:13.216556Z","level":"info","event":"Filling up the DagBag from /opt/airflow/dags/grocery_data_load.py","logger":"airflow.dag_processing.dagbag.BundleDagBag","filename":"dagbag.py","lineno":469}
{"timestamp":"2026-04-11T08:12:44.778854Z","level":"info","event":"Filling up the DagBag from /opt/airflow/dags/grocery_data_load.py","logger":"airflow.dag_processing.dagbag.BundleDagBag","filename":"dagbag.py","lineno":469}
{"timestamp":"2026-04-11T08:13:16.050686Z","level":"info","event":"Filling up the DagBag from /opt/airflow/dags/grocery_data_load.py","logger":"airflow.dag_processing.dagbag.BundleDagBag","filename":"dagbag.py","lineno":469}
{"timestamp":"2026-04-11T08:13:46.519956Z","level":"info","event":"Filling up the DagBag from /opt/airflow/dags/grocery_data_load.py","logger":"airflow.dag_processing.dagbag.BundleDagBag","filename":"dagbag.py","lineno":469}
{"timestamp":"2026-04-11T08:14:16.585891Z","level":"info","event":"Filling up the DagBag from /opt/airflow/dags/grocery_data_load.py","logger":"airflow.dag_processing.dagbag.BundleDagBag","filename":"dagbag.py","lineno":469}
{"timestamp":"2026-04-11T08:14:47.014220Z","level":"info","event":"Filling up the DagBag from /opt/airflow/dags/grocery_data_load.py","logger":"airflow.dag_processing.dagbag.BundleDagBag","filename":"dagbag.py","lineno":469}
{"timestamp":"2026-04-11T08:15:17.553815Z","level":"info","event":"Filling up the DagBag from /opt/airflow/dags/grocery_data_load.py","logger":"airflow.dag_processing.dagbag.BundleDagBag","filename":"dagbag.py","lineno":469}
{"timestamp":"2026-04-11T08:15:48.523902Z","level":"info","event":"Filling up the DagBag from /opt/airflow/dags/grocery_data_load.py","logger":"airflow.dag_processing.dagbag.BundleDagBag","filename":"dagbag.py","lineno":469}
{"timestamp":"2026-04-11T08:16:18.650892Z","level":"info","event":"Filling up the DagBag from /opt/airflow/dags/grocery_data_load.py","logger":"airflow.dag_processing.dagbag.BundleDagBag","filename":"dagbag.py","lineno":469}
{"timestamp":"2026-04-11T08:16:50.535170Z","level":"info","event":"Filling up the DagBag from /opt/airflow/dags/grocery_data_load.py","logger":"airflow.dag_processing.dagbag.BundleDagBag","filename":"dagbag.py","lineno":469}
{"timestamp":"2026-04-11T08:17:23.660515Z","level":"info","event":"Filling up the DagBag from /opt/airflow/dags/grocery_data_load.py","logger":"airflow.dag_processing.dagbag.BundleDagBag","filename":"dagbag.py","lineno":469}
{"timestamp":"2026-04-11T08:17:54.248873Z","level":"info","event":"Filling up the DagBag from /opt/airflow/dags/grocery_data_load.py","logger":"airflow.dag_processing.dagbag.BundleDagBag","filename":"dagbag.py","lineno":469}
{"timestamp":"2026-04-11T08:18:24.760617Z","level":"info","event":"Filling up the DagBag from /opt/airflow/dags/grocery_data_load.py","logger":"airflow.dag_processing.dagbag.BundleDagBag","filename":"dagbag.py","lineno":469}
{"timestamp":"2026-04-11T08:18:55.142980Z","level":"info","event":"Filling up the DagBag from /opt/airflow/dags/grocery_data_load.py","logger":"airflow.dag_processing.dagbag.BundleDagBag","filename":"dagbag.py","lineno":469}
{"timestamp":"2026-04-11T08:19:25.402806Z","level":"info","event":"Filling up the DagBag from /opt/airflow/dags/grocery_data_load.py","logger":"airflow.dag_processing.dagbag.BundleDagBag","filename":"dagbag.py","lineno":469}
{"timestamp":"2026-04-11T08:19:55.679329Z","level":"info","event":"Filling up the DagBag from /opt/airflow/dags/grocery_data_load.py","logger":"airflow.dag_processing.dagbag.BundleDagBag","filename":"dagbag.py","lineno":469}
{"timestamp":"2026-04-11T08:20:26.713177Z","level":"info","event":"Filling up the DagBag from /opt/airflow/dags/grocery_data_load.py","logger":"airflow.dag_processing.dagbag.BundleDagBag","filename":"dagbag.py","lineno":469}
{"timestamp":"2026-04-11T08:20:57.827140Z","level":"info","event":"Filling up the DagBag from /opt/airflow/dags/grocery_data_load.py","logger":"airflow.dag_processing.dagbag.BundleDagBag","filename":"dagbag.py","lineno":469}
{"timestamp":"2026-04-11T08:21:28.865421Z","level":"info","event":"Filling up the DagBag from /opt/airflow/dags/grocery_data_load.py","logger":"airflow.dag_processing.dagbag.BundleDagBag","filename":"dagbag.py","lineno":469}
{"timestamp":"2026-04-11T08:22:00.399806Z","level":"info","event":"Filling up the DagBag from /opt/airflow/dags/grocery_data_load.py","logger":"airflow.dag_processing.dagbag.BundleDagBag","filename":"dagbag.py","lineno":469}
{"timestamp":"2026-04-11T08:22:30.846576Z","level":"info","event":"Filling up the DagBag from /opt/airflow/dags/grocery_data_load.py","logger":"airflow.dag_processing.dagbag.BundleDagBag","filename":"dagbag.py","lineno":469}
{"timestamp":"2026-04-11T08:23:01.302124Z","level":"info","event":"Filling up the DagBag from /opt/airflow/dags/grocery_data_load.py","logger":"airflow.dag_processing.dagbag.BundleDagBag","filename":"dagbag.py","lineno":469}
{"timestamp":"2026-04-11T08:23:32.079958Z","level":"info","event":"Filling up the DagBag from /opt/airflow/dags/grocery_data_load.py","logger":"airflow.dag_processing.dagbag.BundleDagBag","filename":"dagbag.py","lineno":469}
{"timestamp":"2026-04-11T08:24:02.229935Z","level":"info","event":"Filling up the DagBag from /opt/airflow/dags/grocery_data_load.py","logger":"airflow.dag_processing.dagbag.BundleDagBag","filename":"dagbag.py","lineno":469}
{"timestamp":"2026-04-11T08:24:32.704145Z","level":"info","event":"Filling up the DagBag from /opt/airflow/dags/grocery_data_load.py","logger":"airflow.dag_processing.dagbag.BundleDagBag","filename":"dagbag.py","lineno":469}
{"timestamp":"2026-04-11T08:25:03.586337Z","level":"info","event":"Filling up the DagBag from /opt/airflow/dags/grocery_data_load.py","logger":"airflow.dag_processing.dagbag.BundleDagBag","filename":"dagbag.py","lineno":469}
{"timestamp":"2026-04-11T08:25:36.065987Z","level":"info","event":"Filling up the DagBag from /opt/airflow/dags/grocery_data_load.py","logger":"airflow.dag_processing.dagbag.BundleDagBag","filename":"dagbag.py","lineno":469}
{"timestamp":"2026-04-11T08:26:06.423082Z","level":"info","event":"Filling up the DagBag from /opt/airflow/dags/grocery_data_load.py","logger":"airflow.dag_processing.dagbag.BundleDagBag","filename":"dagbag.py","lineno":469}
{"timestamp":"2026-04-11T08:26:37.423288Z","level":"info","event":"Filling up the DagBag from /opt/airflow/dags/grocery_data_load.py","logger":"airflow.dag_processing.dagbag.BundleDagBag","filename":"dagbag.py","lineno":469}
{"timestamp":"2026-04-11T08:27:07.700869Z","level":"info","event":"Filling up the DagBag from /opt/airflow/dags/grocery_data_load.py","logger":"airflow.dag_processing.dagbag.BundleDagBag","filename":"dagbag.py","lineno":469}
{"timestamp":"2026-04-11T08:27:38.105838Z","level":"info","event":"Filling up the DagBag from /opt/airflow/dags/grocery_data_load.py","logger":"airflow.dag_processing.dagbag.BundleDagBag","filename":"dagbag.py","lineno":469}
{"timestamp":"2026-04-11T08:28:08.223303Z","level":"info","event":"Filling up the DagBag from /opt/airflow/dags/grocery_data_load.py","logger":"airflow.dag_processing.dagbag.BundleDagBag","filename":"dagbag.py","lineno":469}
{"timestamp":"2026-04-11T08:28:40.384943Z","level":"info","event":"Filling up the DagBag from /opt/airflow/dags/grocery_data_load.py","logger":"airflow.dag_processing.dagbag.BundleDagBag","filename":"dagbag.py","lineno":469}
{"timestamp":"2026-04-11T08:29:12.983112Z","level":"info","event":"Filling up the DagBag from /opt/airflow/dags/grocery_data_load.py","logger":"airflow.dag_processing.dagbag.BundleDagBag","filename":"dagbag.py","lineno":469}
{"timestamp":"2026-04-11T08:29:45.186418Z","level":"info","event":"Filling up the DagBag from /opt/airflow/dags/grocery_data_load.py","logger":"airflow.dag_processing.dagbag.BundleDagBag","filename":"dagbag.py","lineno":469}
{"timestamp":"2026-04-11T08:30:16.433996Z","level":"info","event":"Filling up the DagBag from /opt/airflow/dags/grocery_data_load.py","logger":"airflow.dag_processing.dagbag.BundleDagBag","filename":"dagbag.py","lineno":469}
{"timestamp":"2026-04-11T08:30:46.507425Z","level":"info","event":"Filling up the DagBag from /opt/airflow/dags/grocery_data_load.py","logger":"airflow.dag_processing.dagbag.BundleDagBag","filename":"dagbag.py","lineno":469}
{"timestamp":"2026-04-11T08:31:16.618284Z","level":"info","event":"Filling up the DagBag from /opt/airflow/dags/grocery_data_load.py","logger":"airflow.dag_processing.dagbag.BundleDagBag","filename":"dagbag.py","lineno":469}
{"timestamp":"2026-04-11T08:31:47.320082Z","level":"info","event":"Filling up the DagBag from /opt/airflow/dags/grocery_data_load.py","logger":"airflow.dag_processing.dagbag.BundleDagBag","filename":"dagbag.py","lineno":469}
{"timestamp":"2026-04-11T08:32:17.828899Z","level":"info","event":"Filling up the DagBag from /opt/airflow/dags/grocery_data_load.py","logger":"airflow.dag_processing.dagbag.BundleDagBag","filename":"dagbag.py","lineno":469}
{"timestamp":"2026-04-11T08:32:48.262032Z","level":"info","event":"Filling up the DagBag from /opt/airflow/dags/grocery_data_load.py","logger":"airflow.dag_processing.dagbag.BundleDagBag","filename":"dagbag.py","lineno":469}
{"timestamp":"2026-04-11T08:33:20.753610Z","level":"info","event":"Filling up the DagBag from /opt/airflow/dags/grocery_data_load.py","logger":"airflow.dag_processing.dagbag.BundleDagBag","filename":"dagbag.py","lineno":469}
{"timestamp":"2026-04-11T08:33:51.369123Z","level":"info","event":"Filling up the DagBag from /opt/airflow/dags/grocery_data_load.py","logger":"airflow.dag_processing.dagbag.BundleDagBag","filename":"dagbag.py","lineno":469}
{"timestamp":"2026-04-11T08:34:22.712355Z","level":"info","event":"Filling up the DagBag from /opt/airflow/dags/grocery_data_load.py","logger":"airflow.dag_processing.dagbag.BundleDagBag","filename":"dagbag.py","lineno":469}
{"timestamp":"2026-04-11T08:34:53.316844Z","level":"info","event":"Filling up the DagBag from /opt/airflow/dags/grocery_data_load.py","logger":"airflow.dag_processing.dagbag.BundleDagBag","filename":"dagbag.py","lineno":469}
{"timestamp":"2026-04-11T08:35:23.358053Z","level":"info","event":"Filling up the DagBag from /opt/airflow/dags/grocery_data_load.py","logger":"airflow.dag_processing.dagbag.BundleDagBag","filename":"dagbag.py","lineno":469}
{"timestamp":"2026-04-11T08:35:53.703267Z","level":"info","event":"Filling up the DagBag from /opt/airflow/dags/grocery_data_load.py","logger":"airflow.dag_processing.dagbag.BundleDagBag","filename":"dagbag.py","lineno":469}
{"timestamp":"2026-04-11T08:36:23.784347Z","level":"info","event":"Filling up the DagBag from /opt/airflow/dags/grocery_data_load.py","logger":"airflow.dag_processing.dagbag.BundleDagBag","filename":"dagbag.py","lineno":469}
{"timestamp":"2026-04-11T08:36:54.413641Z","level":"info","event":"Filling up the DagBag from /opt/airflow/dags/grocery_data_load.py","logger":"airflow.dag_processing.dagbag.BundleDagBag","filename":"dagbag.py","lineno":469}
{"timestamp":"2026-04-11T08:37:24.479950Z","level":"info","event":"Filling up the DagBag from /opt/airflow/dags/grocery_data_load.py","logger":"airflow.dag_processing.dagbag.BundleDagBag","filename":"dagbag.py","lineno":469}
{"timestamp":"2026-04-11T08:37:56.968774Z","level":"info","event":"Filling up the DagBag from /opt/airflow/dags/grocery_data_load.py","logger":"airflow.dag_processing.dagbag.BundleDagBag","filename":"dagbag.py","lineno":469}
{"timestamp":"2026-04-11T08:38:28.379442Z","level":"info","event":"Filling up the DagBag from /opt/airflow/dags/grocery_data_load.py","logger":"airflow.dag_processing.dagbag.BundleDagBag","filename":"dagbag.py","lineno":469}
{"timestamp":"2026-04-11T08:38:58.573586Z","level":"info","event":"Filling up the DagBag from /opt/airflow/dags/grocery_data_load.py","logger":"airflow.dag_processing.dagbag.BundleDagBag","filename":"dagbag.py","lineno":469}
{"timestamp":"2026-04-11T08:39:28.740568Z","level":"info","event":"Filling up the DagBag from /opt/airflow/dags/grocery_data_load.py","logger":"airflow.dag_processing.dagbag.BundleDagBag","filename":"dagbag.py","lineno":469}
{"timestamp":"2026-04-11T08:39:59.344197Z","level":"info","event":"Filling up the DagBag from /opt/airflow/dags/grocery_data_load.py","logger":"airflow.dag_processing.dagbag.BundleDagBag","filename":"dagbag.py","lineno":469}
{"timestamp":"2026-04-11T08:40:29.915299Z","level":"info","event":"Filling up the DagBag from /opt/airflow/dags/grocery_data_load.py","logger":"airflow.dag_processing.dagbag.BundleDagBag","filename":"dagbag.py","lineno":469}
